# JRE version: OpenJDK Runtime Environment (17.0.2+8) (build 17.0.2+8-86)
# Java VM: OpenJDK 64-Bit Server VM (17.0.2+8-86, mixed mode, sharing, tiered, compressed oops, compressed class ptrs, g1 gc, windows-amd64)
GC Precious Log:
 CPUs: 28 total, 28 available
 Memory: 32581M
 Large Page Support: Disabled
 NUMA Support: Disabled
 Compressed Oops: Enabled (Zero based)
 Heap Region Size: 4M
 Heap Min Capacity: 8M
 Heap Initial Capacity: 512M
 Heap Max Capacity: 8148M
 Pre-touch: Disabled
 Parallel Workers: 20
 Concurrent Workers: 5
 Concurrent Refinement Workers: 20
 Periodic GC: Disabled
Heap:
 garbage-first heap   total 86016K, used 72692K [0x0000000602c00000, 0x0000000800000000)
  region size 4096K, 1 young (4096K), 1 survivors (4096K)
 Metaspace       used 24416K, committed 24768K, reserved 1073152K
  class space    used 2779K, committed 2944K, reserved 1048576K
GC Heap History (20 events):
Event: 0.333 GC heap before
{Heap before GC invocations=0 (full 0):
 garbage-first heap   total 524288K, used 24576K [0x0000000602c00000, 0x0000000800000000)
  region size 4096K, 6 young (24576K), 0 survivors (0K)
 Metaspace       used 5530K, committed 5760K, reserved 1056768K
  class space    used 665K, committed 768K, reserved 1048576K
}
Event: 0.336 GC heap after
{Heap after GC invocations=1 (full 0):
 garbage-first heap   total 524288K, used 3976K [0x0000000602c00000, 0x0000000800000000)
  region size 4096K, 1 young (4096K), 1 survivors (4096K)
 Metaspace       used 5530K, committed 5760K, reserved 1056768K
  class space    used 665K, committed 768K, reserved 1048576K
}
Event: 0.625 GC heap before
{Heap before GC invocations=1 (full 0):
 garbage-first heap   total 524288K, used 28552K [0x0000000602c00000, 0x0000000800000000)
  region size 4096K, 7 young (28672K), 1 survivors (4096K)
 Metaspace       used 8672K, committed 8832K, reserved 1064960K
  class space    used 1037K, committed 1088K, reserved 1048576K
}
Event: 0.627 GC heap after
{Heap after GC invocations=2 (full 0):
 garbage-first heap   total 524288K, used 5033K [0x0000000602c00000, 0x0000000800000000)
  region size 4096K, 1 young (4096K), 1 survivors (4096K)
 Metaspace       used 8672K, committed 8832K, reserved 1064960K
  class space    used 1037K, committed 1088K, reserved 1048576K
}
Event: 1.308 GC heap before
{Heap before GC invocations=2 (full 0):
 garbage-first heap   total 524288K, used 66473K [0x0000000602c00000, 0x0000000800000000)
  region size 4096K, 16 young (65536K), 1 survivors (4096K)
 Metaspace       used 15650K, committed 15808K, reserved 1064960K
  class space    used 1864K, committed 1920K, reserved 1048576K
}
Event: 1.313 GC heap after
{Heap after GC invocations=3 (full 0):
 garbage-first heap   total 524288K, used 10009K [0x0000000602c00000, 0x0000000800000000)
  region size 4096K, 2 young (8192K), 2 survivors (8192K)
 Metaspace       used 15650K, committed 15808K, reserved 1064960K
  class space    used 1864K, committed 1920K, reserved 1048576K
}
Event: 2.158 GC heap before
{Heap before GC invocations=3 (full 0):
 garbage-first heap   total 524288K, used 223001K [0x0000000602c00000, 0x0000000800000000)
  region size 4096K, 54 young (221184K), 2 survivors (8192K)
 Metaspace       used 17668K, committed 17920K, reserved 1064960K
  class space    used 1998K, committed 2112K, reserved 1048576K
}
Event: 2.162 GC heap after
{Heap after GC invocations=4 (full 0):
 garbage-first heap   total 524288K, used 16561K [0x0000000602c00000, 0x0000000800000000)
  region size 4096K, 4 young (16384K), 4 survivors (16384K)
 Metaspace       used 17668K, committed 17920K, reserved 1064960K
  class space    used 1998K, committed 2112K, reserved 1048576K
}
Event: 2.674 GC heap before
{Heap before GC invocations=4 (full 0):
 garbage-first heap   total 524288K, used 61617K [0x0000000602c00000, 0x0000000800000000)
  region size 4096K, 16 young (65536K), 4 survivors (16384K)
 Metaspace       used 21199K, committed 21504K, reserved 1073152K
  class space    used 2343K, committed 2496K, reserved 1048576K
}
Event: 2.677 GC heap after
{Heap after GC invocations=5 (full 0):
 garbage-first heap   total 524288K, used 19041K [0x0000000602c00000, 0x0000000800000000)
  region size 4096K, 4 young (16384K), 4 survivors (16384K)
 Metaspace       used 21199K, committed 21504K, reserved 1073152K
  class space    used 2343K, committed 2496K, reserved 1048576K
}
Event: 4.569 GC heap before
{Heap before GC invocations=6 (full 0):
 garbage-first heap   total 81920K, used 51809K [0x0000000602c00000, 0x0000000800000000)
  region size 4096K, 13 young (53248K), 4 survivors (16384K)
 Metaspace       used 21880K, committed 22144K, reserved 1073152K
  class space    used 2419K, committed 2496K, reserved 1048576K
}
Event: 4.573 GC heap after
{Heap after GC invocations=7 (full 0):
 garbage-first heap   total 81920K, used 19283K [0x0000000602c00000, 0x0000000800000000)
  region size 4096K, 4 young (16384K), 4 survivors (16384K)
 Metaspace       used 21880K, committed 22144K, reserved 1073152K
  class space    used 2419K, committed 2496K, reserved 1048576K
}
Event: 4.759 GC heap before
{Heap before GC invocations=7 (full 0):
 garbage-first heap   total 81920K, used 52051K [0x0000000602c00000, 0x0000000800000000)
  region size 4096K, 12 young (49152K), 4 survivors (16384K)
 Metaspace       used 22422K, committed 22720K, reserved 1073152K
  class space    used 2522K, committed 2624K, reserved 1048576K
}
Event: 4.765 GC heap after
{Heap after GC invocations=8 (full 0):
 garbage-first heap   total 81920K, used 20717K [0x0000000602c00000, 0x0000000800000000)
  region size 4096K, 2 young (8192K), 2 survivors (8192K)
 Metaspace       used 22422K, committed 22720K, reserved 1073152K
  class space    used 2522K, committed 2624K, reserved 1048576K
}
Event: 5.007 GC heap before
{Heap before GC invocations=8 (full 0):
 garbage-first heap   total 81920K, used 53485K [0x0000000602c00000, 0x0000000800000000)
  region size 4096K, 12 young (49152K), 2 survivors (8192K)
 Metaspace       used 24397K, committed 24704K, reserved 1073152K
  class space    used 2778K, committed 2944K, reserved 1048576K
}
Event: 5.009 GC heap after
{Heap after GC invocations=9 (full 0):
 garbage-first heap   total 86016K, used 35603K [0x0000000602c00000, 0x0000000800000000)
  region size 4096K, 2 young (8192K), 2 survivors (8192K)
 Metaspace       used 24397K, committed 24704K, reserved 1073152K
  class space    used 2778K, committed 2944K, reserved 1048576K
}
Event: 5.030 GC heap before
{Heap before GC invocations=9 (full 0):
 garbage-first heap   total 86016K, used 47891K [0x0000000602c00000, 0x0000000800000000)
  region size 4096K, 6 young (24576K), 2 survivors (8192K)
 Metaspace       used 24416K, committed 24768K, reserved 1073152K
  class space    used 2779K, committed 2944K, reserved 1048576K
}
Event: 5.032 GC heap after
{Heap after GC invocations=10 (full 0):
 garbage-first heap   total 86016K, used 50131K [0x0000000602c00000, 0x0000000800000000)
  region size 4096K, 1 young (4096K), 1 survivors (4096K)
 Metaspace       used 24416K, committed 24768K, reserved 1073152K
  class space    used 2779K, committed 2944K, reserved 1048576K
}
Event: 5.048 GC heap before
{Heap before GC invocations=10 (full 0):
 garbage-first heap   total 86016K, used 50131K [0x0000000602c00000, 0x0000000800000000)
  region size 4096K, 2 young (8192K), 1 survivors (4096K)
 Metaspace       used 24416K, committed 24768K, reserved 1073152K
  class space    used 2779K, committed 2944K, reserved 1048576K
}
Event: 5.049 GC heap after
{Heap after GC invocations=11 (full 0):
 garbage-first heap   total 86016K, used 52212K [0x0000000602c00000, 0x0000000800000000)
  region size 4096K, 1 young (4096K), 1 survivors (4096K)
 Metaspace       used 24416K, committed 24768K, reserved 1073152K
  class space    used 2779K, committed 2944K, reserved 1048576K
}

